<?xml version="1.0" encoding="UTF-8"?>
<!-- Generated by org.testng.reporters.JUnitXMLReporter -->
<testsuite ignored="0" hostname="DESKTOP-N8FAJ3D" failures="0" tests="3" name="Default test" time="54.086" errors="0" timestamp="2023-09-17T17:13:56 IST">
  <testcase classname="Module1_Test.Adactin_TestClass" name="VerifyUsername" time="5.566"/>
  <testcase classname="Module1_Test.Adactin_TestClass" name="VerifyTitle" time="0.356"/>
  <testcase classname="Module1_Test.Adactin_TestClass" name="BookAHotel" time="4.105"/>
</testsuite> <!-- Default test -->
