<?xml version="1.0" encoding="UTF-8"?>
<testng-results ignored="0" total="3" passed="3" failed="0" skipped="0">
  <reporter-output>
  </reporter-output>
  <suite started-at="2023-09-17T17:13:02 IST" name="Default suite" finished-at="2023-09-17T17:13:56 IST" duration-ms="54086">
    <groups>
    </groups>
    <test started-at="2023-09-17T17:13:02 IST" name="Default test" finished-at="2023-09-17T17:13:56 IST" duration-ms="54086">
      <class name="Module1_Test.Adactin_TestClass">
        <test-method is-config="true" signature="OpenApp()[pri:0, instance:Module1_Test.Adactin_TestClass@3b0fe47a]" started-at="2023-09-17T17:13:02 IST" name="OpenApp" finished-at="2023-09-17T17:13:28 IST" duration-ms="25827" status="PASS">
          <reporter-output>
          </reporter-output>
        </test-method> <!-- OpenApp -->
        <test-method is-config="true" signature="LoginApp()[pri:0, instance:Module1_Test.Adactin_TestClass@3b0fe47a]" started-at="2023-09-17T17:13:28 IST" name="LoginApp" finished-at="2023-09-17T17:13:37 IST" duration-ms="8647" status="PASS">
          <reporter-output>
          </reporter-output>
        </test-method> <!-- LoginApp -->
        <test-method signature="VerifyUsername()[pri:1, instance:Module1_Test.Adactin_TestClass@3b0fe47a]" started-at="2023-09-17T17:13:37 IST" name="VerifyUsername" finished-at="2023-09-17T17:13:42 IST" duration-ms="5566" status="PASS">
          <reporter-output>
          </reporter-output>
        </test-method> <!-- VerifyUsername -->
        <test-method is-config="true" signature="LogoutAppandclickLoginAgain(org.testng.ITestResult)[pri:0, instance:Module1_Test.Adactin_TestClass@3b0fe47a]" started-at="2023-09-17T17:13:42 IST" name="LogoutAppandclickLoginAgain" finished-at="2023-09-17T17:13:44 IST" duration-ms="2182" status="PASS">
          <params>
            <param index="0">
              <value>
                <![CDATA[[TestResult name=VerifyUsername status=SUCCESS method=Adactin_TestClass.VerifyUsername()[pri:1, instance:Module1_Test.Adactin_TestClass@3b0fe47a] output={null}]]]>
              </value>
            </param>
          </params>
          <reporter-output>
          </reporter-output>
        </test-method> <!-- LogoutAppandclickLoginAgain -->
        <test-method is-config="true" signature="LoginApp()[pri:0, instance:Module1_Test.Adactin_TestClass@3b0fe47a]" started-at="2023-09-17T17:13:44 IST" name="LoginApp" finished-at="2023-09-17T17:13:48 IST" duration-ms="3314" status="PASS">
          <reporter-output>
          </reporter-output>
        </test-method> <!-- LoginApp -->
        <test-method signature="VerifyTitle()[pri:2, instance:Module1_Test.Adactin_TestClass@3b0fe47a]" started-at="2023-09-17T17:13:48 IST" name="VerifyTitle" finished-at="2023-09-17T17:13:48 IST" duration-ms="356" status="PASS">
          <reporter-output>
          </reporter-output>
        </test-method> <!-- VerifyTitle -->
        <test-method is-config="true" signature="LogoutAppandclickLoginAgain(org.testng.ITestResult)[pri:0, instance:Module1_Test.Adactin_TestClass@3b0fe47a]" started-at="2023-09-17T17:13:48 IST" name="LogoutAppandclickLoginAgain" finished-at="2023-09-17T17:13:49 IST" duration-ms="1404" status="PASS">
          <params>
            <param index="0">
              <value>
                <![CDATA[[TestResult name=VerifyTitle status=SUCCESS method=Adactin_TestClass.VerifyTitle()[pri:2, instance:Module1_Test.Adactin_TestClass@3b0fe47a] output={null}]]]>
              </value>
            </param>
          </params>
          <reporter-output>
          </reporter-output>
        </test-method> <!-- LogoutAppandclickLoginAgain -->
        <test-method is-config="true" signature="LoginApp()[pri:0, instance:Module1_Test.Adactin_TestClass@3b0fe47a]" started-at="2023-09-17T17:13:49 IST" name="LoginApp" finished-at="2023-09-17T17:13:50 IST" duration-ms="983" status="PASS">
          <reporter-output>
          </reporter-output>
        </test-method> <!-- LoginApp -->
        <test-method signature="BookAHotel()[pri:3, instance:Module1_Test.Adactin_TestClass@3b0fe47a]" started-at="2023-09-17T17:13:50 IST" name="BookAHotel" finished-at="2023-09-17T17:13:55 IST" duration-ms="4105" status="PASS">
          <reporter-output>
          </reporter-output>
        </test-method> <!-- BookAHotel -->
        <test-method is-config="true" signature="LogoutAppandclickLoginAgain(org.testng.ITestResult)[pri:0, instance:Module1_Test.Adactin_TestClass@3b0fe47a]" started-at="2023-09-17T17:13:55 IST" name="LogoutAppandclickLoginAgain" finished-at="2023-09-17T17:13:55 IST" duration-ms="896" status="PASS">
          <params>
            <param index="0">
              <value>
                <![CDATA[[TestResult name=BookAHotel status=SUCCESS method=Adactin_TestClass.BookAHotel()[pri:3, instance:Module1_Test.Adactin_TestClass@3b0fe47a] output={null}]]]>
              </value>
            </param>
          </params>
          <reporter-output>
          </reporter-output>
        </test-method> <!-- LogoutAppandclickLoginAgain -->
        <test-method is-config="true" signature="CloseBrowser()[pri:0, instance:Module1_Test.Adactin_TestClass@3b0fe47a]" started-at="2023-09-17T17:13:55 IST" name="CloseBrowser" finished-at="2023-09-17T17:13:56 IST" duration-ms="671" status="PASS">
          <reporter-output>
          </reporter-output>
        </test-method> <!-- CloseBrowser -->
      </class> <!-- Module1_Test.Adactin_TestClass -->
    </test> <!-- Default test -->
  </suite> <!-- Default suite -->
</testng-results>
